<?xml version="1.0" encoding="UTF-8"?>
<!-- Generated by org.testng.reporters.JUnitReportReporter -->
<testsuite hostname="KDC1-L-3326JG9" failures="0" tests="1" name="testScripts.GeneratePricing.TestCases_GeneratePricing" time="499.292" errors="0" timestamp="2024-03-26T17:28:14 IST" skipped="0">
  <testcase classname="testScripts.GeneratePricing.TestCases_GeneratePricing" name="GeneratePricingValidation" time="499.292"/>
  <system-out/>
</testsuite> <!-- testScripts.GeneratePricing.TestCases_GeneratePricing -->
