<?xml version="1.0" encoding="UTF-8"?>
<!-- Generated by org.testng.reporters.JUnitReportReporter -->
<testsuite hostname="KDC1-L-3326JG9" failures="0" tests="4" name="testScripts.PricingInput.TestCases_PricingInput" time="403.068" errors="0" timestamp="2024-03-27T21:26:12 IST" skipped="0">
  <testcase classname="testScripts.PricingInput.TestCases_PricingInput" name="initElement" time="0.013"/>
  <system-out/>
  <testcase classname="testScripts.PricingInput.TestCases_PricingInput" name="initialize" time="15.922"/>
  <system-out/>
  <testcase classname="testScripts.PricingInput.TestCases_PricingInput" name="LoginApplication" time="41.205"/>
  <system-out/>
  <testcase classname="testScripts.PricingInput.TestCases_PricingInput" name="PriceInputValidation" time="345.928"/>
  <system-out/>
</testsuite> <!-- testScripts.PricingInput.TestCases_PricingInput -->
