<?xml version="1.0" encoding="UTF-8"?>
<!-- Generated by org.testng.reporters.JUnitReportReporter -->
<testsuite hostname="KDC1-L-3326JG9" failures="0" tests="4" name="testScripts.WRWS.TestCases_WRWS" time="519.339" errors="0" timestamp="2024-04-01T10:40:09 IST" skipped="0">
  <testcase classname="testScripts.WRWS.TestCases_WRWS" name="initialize" time="14.874"/>
  <system-out/>
  <testcase classname="testScripts.WRWS.TestCases_WRWS" name="WRWS" time="464.056"/>
  <system-out/>
  <testcase classname="testScripts.WRWS.TestCases_WRWS" name="initElement" time="0.015"/>
  <system-out/>
  <testcase classname="testScripts.WRWS.TestCases_WRWS" name="LoginApplication" time="40.394"/>
  <system-out/>
</testsuite> <!-- testScripts.WRWS.TestCases_WRWS -->
